<?xml version="1.0" encoding="UTF-8"?>
<!-- Generated by org.testng.reporters.JUnitXMLReporter -->
<testsuite ignored="0" hostname="DC5CG13886V3" failures="0" tests="3" name="Default test" time="3.765" errors="0" timestamp="2022-03-27T21:40:51 NZDT">
  <testcase classname="Rahul_API.DynamicJson" name="addBook" time="2.069"/>
  <testcase classname="Rahul_API.DynamicJson" name="addBook" time="0.831"/>
  <testcase classname="Rahul_API.DynamicJson" name="addBook" time="0.839"/>
</testsuite> <!-- Default test -->
