<?xml version="1.0" encoding="UTF-8"?>
<testng-results ignored="0" total="3" passed="3" failed="0" skipped="0">
  <reporter-output>
  </reporter-output>
  <suite started-at="2022-03-27T21:40:47 NZDT" name="Default suite" finished-at="2022-03-27T21:40:50 NZDT" duration-ms="3765">
    <groups>
    </groups>
    <test started-at="2022-03-27T21:40:47 NZDT" name="Default test" finished-at="2022-03-27T21:40:50 NZDT" duration-ms="3765">
      <class name="Rahul_API.DynamicJson">
        <test-method signature="addBook(java.lang.String,java.lang.String)[pri:0, instance:Rahul_API.DynamicJson@5ace1ed4]" started-at="2022-03-27T21:40:47 NZDT" name="addBook" data-provider="BookData" finished-at="2022-03-27T21:40:49 NZDT" duration-ms="2069" status="PASS">
          <params>
            <param index="0">
              <value>
                <![CDATA[chakis]]>
              </value>
            </param>
            <param index="1">
              <value>
                <![CDATA[64547]]>
              </value>
            </param>
          </params>
          <reporter-output>
          </reporter-output>
        </test-method> <!-- addBook -->
        <test-method signature="addBook(java.lang.String,java.lang.String)[pri:0, instance:Rahul_API.DynamicJson@5ace1ed4]" started-at="2022-03-27T21:40:49 NZDT" name="addBook" data-provider="BookData" finished-at="2022-03-27T21:40:50 NZDT" duration-ms="831" status="PASS">
          <params>
            <param index="0">
              <value>
                <![CDATA[kouer]]>
              </value>
            </param>
            <param index="1">
              <value>
                <![CDATA[8262]]>
              </value>
            </param>
          </params>
          <reporter-output>
          </reporter-output>
        </test-method> <!-- addBook -->
        <test-method signature="addBook(java.lang.String,java.lang.String)[pri:0, instance:Rahul_API.DynamicJson@5ace1ed4]" started-at="2022-03-27T21:40:50 NZDT" name="addBook" data-provider="BookData" finished-at="2022-03-27T21:40:50 NZDT" duration-ms="839" status="PASS">
          <params>
            <param index="0">
              <value>
                <![CDATA[Gresjde]]>
              </value>
            </param>
            <param index="1">
              <value>
                <![CDATA[37383]]>
              </value>
            </param>
          </params>
          <reporter-output>
          </reporter-output>
        </test-method> <!-- addBook -->
      </class> <!-- Rahul_API.DynamicJson -->
    </test> <!-- Default test -->
  </suite> <!-- Default suite -->
</testng-results>
